[2026-01-13 14:33:32,877][__main__][INFO] - Training Cortical Flow
Config:
user_config: /public_bme2/Share200T/caoshui2024/Project2_Deeplearning/CorticalFlow++/corticalflow/resources/config_samples/CFPP_train_lh_white.yaml
dataset:
  path: <path_to_preprop_dataset>
  split_file: <CFPP_ROOT_DIR>/resources/ADNI_SPLIT.csv
  train_split_name: train
  val_split_name: val
  surface_name: lh_white
trainer:
  img_batch_size: 3
  points_per_image: 150000
  train_log_interval: 10
  checkpoint_interval: 10000
  evaluate_interval: 5000
  device: cuda:0
  resume: null
  debug: false
model:
  number_of_iterations:
  - 70000
  - 70000
  - 70000
  nb_features:
  - - - 16
      - 32
      - 32
      - 32
    - - 32
      - 32
      - 32
      - 32
      - 32
      - 16
      - 16
  - - - 16
      - 32
    - - 32
      - 32
      - 16
      - 16
  - - - 16
      - 32
    - - 32
      - 32
      - 16
      - 16
  templates:
  - <CFPP_ROOT_DIR>/resources/smooth_templates/lh_white_smooth_40k.obj
  - <CFPP_ROOT_DIR>/resources/smooth_templates/lh_white_smooth_140k.obj
  - <CFPP_ROOT_DIR>/resources/smooth_templates/lh_white_smooth_380k.obj
  integration_method: RK4
  integration_steps: 30
  share_flows: true
objective:
  chamffer_weight:
  - 1.0
  - 1.0
  - 1.0
  edge_loss_weight:
  - 1.0
  - 1.0
  - 1.0
optimizer:
  name: Adam
  lr:
  - 0.0001
  - 0.0001
  - 0.0001
outputs:
  output_dir: /public_bme2/Share200T/caoshui2024/Project2_Deeplearning/CorticalFlow++/experiment

[2026-01-13 14:34:19,325][__main__][INFO] - Training Cortical Flow
Config:
user_config: /public_bme2/Share200T/caoshui2024/Project2_Deeplearning/CorticalFlow++/corticalflow/resources/config_samples/CFPP_train_lh_white.yaml
dataset:
  path: <path_to_preprop_dataset>
  split_file: <CFPP_ROOT_DIR>/resources/ADNI_SPLIT.csv
  train_split_name: train
  val_split_name: val
  surface_name: lh_white
trainer:
  img_batch_size: 3
  points_per_image: 150000
  train_log_interval: 10
  checkpoint_interval: 10000
  evaluate_interval: 5000
  device: cuda:0
  resume: null
  debug: false
model:
  number_of_iterations:
  - 70000
  - 70000
  - 70000
  nb_features:
  - - - 16
      - 32
      - 32
      - 32
    - - 32
      - 32
      - 32
      - 32
      - 32
      - 16
      - 16
  - - - 16
      - 32
    - - 32
      - 32
      - 16
      - 16
  - - - 16
      - 32
    - - 32
      - 32
      - 16
      - 16
  templates:
  - <CFPP_ROOT_DIR>/resources/smooth_templates/lh_white_smooth_40k.obj
  - <CFPP_ROOT_DIR>/resources/smooth_templates/lh_white_smooth_140k.obj
  - <CFPP_ROOT_DIR>/resources/smooth_templates/lh_white_smooth_380k.obj
  integration_method: RK4
  integration_steps: 30
  share_flows: true
objective:
  chamffer_weight:
  - 1.0
  - 1.0
  - 1.0
  edge_loss_weight:
  - 1.0
  - 1.0
  - 1.0
optimizer:
  name: Adam
  lr:
  - 0.0001
  - 0.0001
  - 0.0001
outputs:
  output_dir: /public_bme2/Share200T/caoshui2024/Project2_Deeplearning/CorticalFlow++/experiment

[2026-01-13 14:47:28,242][__main__][INFO] - Training Cortical Flow
Config:
user_config: /public_bme2/Share200T/caoshui2024/Project2_Deeplearning/CorticalFlow++/corticalflow/resources/config_samples/CFPP_train_lh_white.yaml
dataset:
  path: <path_to_preprop_dataset>
  split_file: /public_bme2/Share200T/caoshui2024/Project2_Deeplearning/CorticalFlow++/corticalflow/resources/ADNI_SPLIT.csv
  train_split_name: train
  val_split_name: val
  surface_name: lh_white
trainer:
  img_batch_size: 3
  points_per_image: 150000
  train_log_interval: 10
  checkpoint_interval: 10000
  evaluate_interval: 5000
  device: cuda:0
  resume: null
  debug: false
model:
  number_of_iterations:
  - 70000
  - 70000
  - 70000
  nb_features:
  - - - 16
      - 32
      - 32
      - 32
    - - 32
      - 32
      - 32
      - 32
      - 32
      - 16
      - 16
  - - - 16
      - 32
    - - 32
      - 32
      - 16
      - 16
  - - - 16
      - 32
    - - 32
      - 32
      - 16
      - 16
  templates:
  - <CFPP_ROOT_DIR>/resources/smooth_templates/lh_white_smooth_40k.obj
  - <CFPP_ROOT_DIR>/resources/smooth_templates/lh_white_smooth_140k.obj
  - <CFPP_ROOT_DIR>/resources/smooth_templates/lh_white_smooth_380k.obj
  integration_method: RK4
  integration_steps: 30
  share_flows: true
objective:
  chamffer_weight:
  - 1.0
  - 1.0
  - 1.0
  edge_loss_weight:
  - 1.0
  - 1.0
  - 1.0
optimizer:
  name: Adam
  lr:
  - 0.0001
  - 0.0001
  - 0.0001
outputs:
  output_dir: /public_bme2/Share200T/caoshui2024/Project2_Deeplearning/CorticalFlow++/experiment

[2026-01-13 14:47:28,282][__main__][INFO] - 2353 subjects loaded for training
[2026-01-13 14:47:28,288][__main__][INFO] - 375 subjects loaded for validation
[2026-01-13 14:47:28,725][__main__][INFO] - Model setup:
CorticalFlow(
  (deform_blocks): ModuleList(
    (0): DeformationBlock(
      (encoder): Unet(
        (downarm): ModuleList(
          (0): ConvBlock(
            (main): Conv3d(1, 16, kernel_size=(3, 3, 3), stride=(2, 2, 2), padding=(1, 1, 1))
            (activation): LeakyReLU(negative_slope=0.2)
          )
          (1): ConvBlock(
            (main): Conv3d(16, 32, kernel_size=(3, 3, 3), stride=(2, 2, 2), padding=(1, 1, 1))
            (activation): LeakyReLU(negative_slope=0.2)
          )
          (2-3): 2 x ConvBlock(
            (main): Conv3d(32, 32, kernel_size=(3, 3, 3), stride=(2, 2, 2), padding=(1, 1, 1))
            (activation): LeakyReLU(negative_slope=0.2)
          )
        )
        (uparm): ModuleList(
          (0): Sequential(
            (0): ConvBlock(
              (main): Conv3d(32, 32, kernel_size=(3, 3, 3), stride=(1, 1, 1), padding=(1, 1, 1))
              (activation): LeakyReLU(negative_slope=0.2)
            )
            (1): Upsample(scale_factor=2.0, mode='nearest')
          )
          (1-2): 2 x Sequential(
            (0): ConvBlock(
              (main): Conv3d(64, 32, kernel_size=(3, 3, 3), stride=(1, 1, 1), padding=(1, 1, 1))
              (activation): LeakyReLU(negative_slope=0.2)
            )
            (1): Upsample(scale_factor=2.0, mode='nearest')
          )
          (3): Sequential(
            (0): ConvBlock(
              (main): Conv3d(48, 32, kernel_size=(3, 3, 3), stride=(1, 1, 1), padding=(1, 1, 1))
              (activation): LeakyReLU(negative_slope=0.2)
            )
            (1): Upsample(scale_factor=2.0, mode='nearest')
          )
        )
        (extras): ModuleList(
          (0): ConvBlock(
            (main): Conv3d(33, 32, kernel_size=(3, 3, 3), stride=(1, 1, 1), padding=(1, 1, 1))
            (activation): LeakyReLU(negative_slope=0.2)
          )
          (1): ConvBlock(
            (main): Conv3d(32, 16, kernel_size=(3, 3, 3), stride=(1, 1, 1), padding=(1, 1, 1))
            (activation): LeakyReLU(negative_slope=0.2)
          )
          (2): ConvBlock(
            (main): Conv3d(16, 16, kernel_size=(3, 3, 3), stride=(1, 1, 1), padding=(1, 1, 1))
            (activation): LeakyReLU(negative_slope=0.2)
          )
        )
      )
      (flow): Conv3d(16, 3, kernel_size=(3, 3, 3), stride=(1, 1, 1), padding=(1, 1, 1))
      (deformer): DiffeoMeshDeformer(
        (integrate): IntegratePointWiseRK4(
          (interpolator): PointPooling()
        )
      )
    )
    (1): DeformationBlock(
      (encoder): Unet(
        (downarm): ModuleList(
          (0): ConvBlock(
            (main): Conv3d(4, 16, kernel_size=(3, 3, 3), stride=(2, 2, 2), padding=(1, 1, 1))
            (activation): LeakyReLU(negative_slope=0.2)
          )
          (1): ConvBlock(
            (main): Conv3d(16, 32, kernel_size=(3, 3, 3), stride=(2, 2, 2), padding=(1, 1, 1))
            (activation): LeakyReLU(negative_slope=0.2)
          )
        )
        (uparm): ModuleList(
          (0): Sequential(
            (0): ConvBlock(
              (main): Conv3d(32, 32, kernel_size=(3, 3, 3), stride=(1, 1, 1), padding=(1, 1, 1))
              (activation): LeakyReLU(negative_slope=0.2)
            )
            (1): Upsample(scale_factor=2.0, mode='nearest')
          )
          (1): Sequential(
            (0): ConvBlock(
              (main): Conv3d(48, 32, kernel_size=(3, 3, 3), stride=(1, 1, 1), padding=(1, 1, 1))
              (activation): LeakyReLU(negative_slope=0.2)
            )
            (1): Upsample(scale_factor=2.0, mode='nearest')
          )
        )
        (extras): ModuleList(
          (0): ConvBlock(
            (main): Conv3d(36, 16, kernel_size=(3, 3, 3), stride=(1, 1, 1), padding=(1, 1, 1))
            (activation): LeakyReLU(negative_slope=0.2)
          )
          (1): ConvBlock(
            (main): Conv3d(16, 16, kernel_size=(3, 3, 3), stride=(1, 1, 1), padding=(1, 1, 1))
            (activation): LeakyReLU(negative_slope=0.2)
          )
        )
      )
      (flow): Conv3d(16, 3, kernel_size=(3, 3, 3), stride=(1, 1, 1), padding=(1, 1, 1))
      (deformer): DiffeoMeshDeformer(
        (integrate): IntegratePointWiseRK4(
          (interpolator): PointPooling()
        )
      )
    )
    (2): DeformationBlock(
      (encoder): Unet(
        (downarm): ModuleList(
          (0): ConvBlock(
            (main): Conv3d(7, 16, kernel_size=(3, 3, 3), stride=(2, 2, 2), padding=(1, 1, 1))
            (activation): LeakyReLU(negative_slope=0.2)
          )
          (1): ConvBlock(
            (main): Conv3d(16, 32, kernel_size=(3, 3, 3), stride=(2, 2, 2), padding=(1, 1, 1))
            (activation): LeakyReLU(negative_slope=0.2)
          )
        )
        (uparm): ModuleList(
          (0): Sequential(
            (0): ConvBlock(
              (main): Conv3d(32, 32, kernel_size=(3, 3, 3), stride=(1, 1, 1), padding=(1, 1, 1))
              (activation): LeakyReLU(negative_slope=0.2)
            )
            (1): Upsample(scale_factor=2.0, mode='nearest')
          )
          (1): Sequential(
            (0): ConvBlock(
              (main): Conv3d(48, 32, kernel_size=(3, 3, 3), stride=(1, 1, 1), padding=(1, 1, 1))
              (activation): LeakyReLU(negative_slope=0.2)
            )
            (1): Upsample(scale_factor=2.0, mode='nearest')
          )
        )
        (extras): ModuleList(
          (0): ConvBlock(
            (main): Conv3d(39, 16, kernel_size=(3, 3, 3), stride=(1, 1, 1), padding=(1, 1, 1))
            (activation): LeakyReLU(negative_slope=0.2)
          )
          (1): ConvBlock(
            (main): Conv3d(16, 16, kernel_size=(3, 3, 3), stride=(1, 1, 1), padding=(1, 1, 1))
            (activation): LeakyReLU(negative_slope=0.2)
          )
        )
      )
      (flow): Conv3d(16, 3, kernel_size=(3, 3, 3), stride=(1, 1, 1), padding=(1, 1, 1))
      (deformer): DiffeoMeshDeformer(
        (integrate): IntegratePointWiseRK4(
          (interpolator): PointPooling()
        )
      )
    )
  )
)
[2026-01-13 14:47:28,736][__main__][INFO] - Tensorboard logs saved to /public_bme2/Share200T/caoshui2024/Project2_Deeplearning/CorticalFlow++/experiment/tb_logs
[2026-01-13 14:47:28,736][__main__][INFO] - Training deformation 0
[2026-01-13 14:50:17,432][__main__][INFO] - Training Cortical Flow
Config:
user_config: /public_bme2/Share200T/caoshui2024/Project2_Deeplearning/CorticalFlow++/corticalflow/resources/config_samples/CFPP_train_lh_white.yaml
dataset:
  path: <path_to_preprop_dataset>
  split_file: /public_bme2/Share200T/caoshui2024/Project2_Deeplearning/CorticalFlow++/corticalflow/resources/ADNI_SPLIT.csv
  train_split_name: train
  val_split_name: val
  surface_name: lh_white
trainer:
  img_batch_size: 3
  points_per_image: 150000
  train_log_interval: 10
  checkpoint_interval: 10000
  evaluate_interval: 5000
  device: cuda:0
  resume: null
  debug: false
model:
  number_of_iterations:
  - 70000
  - 70000
  - 70000
  nb_features:
  - - - 16
      - 32
      - 32
      - 32
    - - 32
      - 32
      - 32
      - 32
      - 32
      - 16
      - 16
  - - - 16
      - 32
    - - 32
      - 32
      - 16
      - 16
  - - - 16
      - 32
    - - 32
      - 32
      - 16
      - 16
  templates:
  - /public_bme2/Share200T/caoshui2024/Project2_Deeplearning/CorticalFlow++/corticalflow/resources/smooth_templates/lh_white_smooth_40k.obj
  - <CFPP_ROOT_DIR>/resources/smooth_templates/lh_white_smooth_140k.obj
  - <CFPP_ROOT_DIR>/resources/smooth_templates/lh_white_smooth_380k.obj
  integration_method: RK4
  integration_steps: 30
  share_flows: true
objective:
  chamffer_weight:
  - 1.0
  - 1.0
  - 1.0
  edge_loss_weight:
  - 1.0
  - 1.0
  - 1.0
optimizer:
  name: Adam
  lr:
  - 0.0001
  - 0.0001
  - 0.0001
outputs:
  output_dir: /public_bme2/Share200T/caoshui2024/Project2_Deeplearning/CorticalFlow++/experiment

[2026-01-13 14:50:17,448][__main__][INFO] - 2353 subjects loaded for training
[2026-01-13 14:50:17,453][__main__][INFO] - 375 subjects loaded for validation
[2026-01-13 14:50:17,861][__main__][INFO] - Model setup:
CorticalFlow(
  (deform_blocks): ModuleList(
    (0): DeformationBlock(
      (encoder): Unet(
        (downarm): ModuleList(
          (0): ConvBlock(
            (main): Conv3d(1, 16, kernel_size=(3, 3, 3), stride=(2, 2, 2), padding=(1, 1, 1))
            (activation): LeakyReLU(negative_slope=0.2)
          )
          (1): ConvBlock(
            (main): Conv3d(16, 32, kernel_size=(3, 3, 3), stride=(2, 2, 2), padding=(1, 1, 1))
            (activation): LeakyReLU(negative_slope=0.2)
          )
          (2-3): 2 x ConvBlock(
            (main): Conv3d(32, 32, kernel_size=(3, 3, 3), stride=(2, 2, 2), padding=(1, 1, 1))
            (activation): LeakyReLU(negative_slope=0.2)
          )
        )
        (uparm): ModuleList(
          (0): Sequential(
            (0): ConvBlock(
              (main): Conv3d(32, 32, kernel_size=(3, 3, 3), stride=(1, 1, 1), padding=(1, 1, 1))
              (activation): LeakyReLU(negative_slope=0.2)
            )
            (1): Upsample(scale_factor=2.0, mode='nearest')
          )
          (1-2): 2 x Sequential(
            (0): ConvBlock(
              (main): Conv3d(64, 32, kernel_size=(3, 3, 3), stride=(1, 1, 1), padding=(1, 1, 1))
              (activation): LeakyReLU(negative_slope=0.2)
            )
            (1): Upsample(scale_factor=2.0, mode='nearest')
          )
          (3): Sequential(
            (0): ConvBlock(
              (main): Conv3d(48, 32, kernel_size=(3, 3, 3), stride=(1, 1, 1), padding=(1, 1, 1))
              (activation): LeakyReLU(negative_slope=0.2)
            )
            (1): Upsample(scale_factor=2.0, mode='nearest')
          )
        )
        (extras): ModuleList(
          (0): ConvBlock(
            (main): Conv3d(33, 32, kernel_size=(3, 3, 3), stride=(1, 1, 1), padding=(1, 1, 1))
            (activation): LeakyReLU(negative_slope=0.2)
          )
          (1): ConvBlock(
            (main): Conv3d(32, 16, kernel_size=(3, 3, 3), stride=(1, 1, 1), padding=(1, 1, 1))
            (activation): LeakyReLU(negative_slope=0.2)
          )
          (2): ConvBlock(
            (main): Conv3d(16, 16, kernel_size=(3, 3, 3), stride=(1, 1, 1), padding=(1, 1, 1))
            (activation): LeakyReLU(negative_slope=0.2)
          )
        )
      )
      (flow): Conv3d(16, 3, kernel_size=(3, 3, 3), stride=(1, 1, 1), padding=(1, 1, 1))
      (deformer): DiffeoMeshDeformer(
        (integrate): IntegratePointWiseRK4(
          (interpolator): PointPooling()
        )
      )
    )
    (1): DeformationBlock(
      (encoder): Unet(
        (downarm): ModuleList(
          (0): ConvBlock(
            (main): Conv3d(4, 16, kernel_size=(3, 3, 3), stride=(2, 2, 2), padding=(1, 1, 1))
            (activation): LeakyReLU(negative_slope=0.2)
          )
          (1): ConvBlock(
            (main): Conv3d(16, 32, kernel_size=(3, 3, 3), stride=(2, 2, 2), padding=(1, 1, 1))
            (activation): LeakyReLU(negative_slope=0.2)
          )
        )
        (uparm): ModuleList(
          (0): Sequential(
            (0): ConvBlock(
              (main): Conv3d(32, 32, kernel_size=(3, 3, 3), stride=(1, 1, 1), padding=(1, 1, 1))
              (activation): LeakyReLU(negative_slope=0.2)
            )
            (1): Upsample(scale_factor=2.0, mode='nearest')
          )
          (1): Sequential(
            (0): ConvBlock(
              (main): Conv3d(48, 32, kernel_size=(3, 3, 3), stride=(1, 1, 1), padding=(1, 1, 1))
              (activation): LeakyReLU(negative_slope=0.2)
            )
            (1): Upsample(scale_factor=2.0, mode='nearest')
          )
        )
        (extras): ModuleList(
          (0): ConvBlock(
            (main): Conv3d(36, 16, kernel_size=(3, 3, 3), stride=(1, 1, 1), padding=(1, 1, 1))
            (activation): LeakyReLU(negative_slope=0.2)
          )
          (1): ConvBlock(
            (main): Conv3d(16, 16, kernel_size=(3, 3, 3), stride=(1, 1, 1), padding=(1, 1, 1))
            (activation): LeakyReLU(negative_slope=0.2)
          )
        )
      )
      (flow): Conv3d(16, 3, kernel_size=(3, 3, 3), stride=(1, 1, 1), padding=(1, 1, 1))
      (deformer): DiffeoMeshDeformer(
        (integrate): IntegratePointWiseRK4(
          (interpolator): PointPooling()
        )
      )
    )
    (2): DeformationBlock(
      (encoder): Unet(
        (downarm): ModuleList(
          (0): ConvBlock(
            (main): Conv3d(7, 16, kernel_size=(3, 3, 3), stride=(2, 2, 2), padding=(1, 1, 1))
            (activation): LeakyReLU(negative_slope=0.2)
          )
          (1): ConvBlock(
            (main): Conv3d(16, 32, kernel_size=(3, 3, 3), stride=(2, 2, 2), padding=(1, 1, 1))
            (activation): LeakyReLU(negative_slope=0.2)
          )
        )
        (uparm): ModuleList(
          (0): Sequential(
            (0): ConvBlock(
              (main): Conv3d(32, 32, kernel_size=(3, 3, 3), stride=(1, 1, 1), padding=(1, 1, 1))
              (activation): LeakyReLU(negative_slope=0.2)
            )
            (1): Upsample(scale_factor=2.0, mode='nearest')
          )
          (1): Sequential(
            (0): ConvBlock(
              (main): Conv3d(48, 32, kernel_size=(3, 3, 3), stride=(1, 1, 1), padding=(1, 1, 1))
              (activation): LeakyReLU(negative_slope=0.2)
            )
            (1): Upsample(scale_factor=2.0, mode='nearest')
          )
        )
        (extras): ModuleList(
          (0): ConvBlock(
            (main): Conv3d(39, 16, kernel_size=(3, 3, 3), stride=(1, 1, 1), padding=(1, 1, 1))
            (activation): LeakyReLU(negative_slope=0.2)
          )
          (1): ConvBlock(
            (main): Conv3d(16, 16, kernel_size=(3, 3, 3), stride=(1, 1, 1), padding=(1, 1, 1))
            (activation): LeakyReLU(negative_slope=0.2)
          )
        )
      )
      (flow): Conv3d(16, 3, kernel_size=(3, 3, 3), stride=(1, 1, 1), padding=(1, 1, 1))
      (deformer): DiffeoMeshDeformer(
        (integrate): IntegratePointWiseRK4(
          (interpolator): PointPooling()
        )
      )
    )
  )
)
[2026-01-13 14:50:17,864][__main__][INFO] - Tensorboard logs saved to /public_bme2/Share200T/caoshui2024/Project2_Deeplearning/CorticalFlow++/experiment/tb_logs
[2026-01-13 14:50:17,864][__main__][INFO] - Training deformation 0
[2026-01-13 14:50:18,243][__main__][INFO] - Train deform 0: Template mesh <trimesh.Trimesh(vertices.shape=(40002, 3), faces.shape=(80000, 3))> read from /public_bme2/Share200T/caoshui2024/Project2_Deeplearning/CorticalFlow++/corticalflow/resources/smooth_templates/lh_white_smooth_40k.obj
[2026-01-13 14:50:18,379][__main__][INFO] - Train deform 0: Shift=tensor([[[-27.3395, -21.8147,  15.6567]]], device='cuda:0') and Scale=97.24829617905819 for template mesh.
[2026-01-13 14:50:18,380][__main__][INFO] - Train deform 0: number of learnable parameters: 300115/519865
[2026-01-13 14:50:18,380][__main__][INFO] - Train deform 0: Optimizer setup:
Adam (
Parameter Group 0
    amsgrad: False
    betas: (0.9, 0.999)
    capturable: False
    differentiable: False
    eps: 1e-08
    foreach: None
    fused: None
    lr: 0.0001
    maximize: False
    weight_decay: 0
)
[2026-01-13 14:50:18,381][__main__][INFO] - Starting train deformation 0 from 1 iterations with best validation loss of 3.4028234663852886e+38
[2026-01-13 14:52:38,286][__main__][INFO] - Training Cortical Flow
Config:
user_config: /public_bme2/Share200T/caoshui2024/Project2_Deeplearning/CorticalFlow++/corticalflow/resources/config_samples/CFPP_train_lh_white.yaml
dataset:
  path: <path_to_preprop_dataset>
  split_file: /public_bme2/Share200T/caoshui2024/Project2_Deeplearning/CorticalFlow++/corticalflow/resources/ADNI_SPLIT.csv
  train_split_name: train
  val_split_name: val
  surface_name: lh_white
trainer:
  img_batch_size: 3
  points_per_image: 150000
  train_log_interval: 10
  checkpoint_interval: 10000
  evaluate_interval: 5000
  device: cuda:0
  resume: null
  debug: false
model:
  number_of_iterations:
  - 70000
  - 70000
  - 70000
  nb_features:
  - - - 16
      - 32
      - 32
      - 32
    - - 32
      - 32
      - 32
      - 32
      - 32
      - 16
      - 16
  - - - 16
      - 32
    - - 32
      - 32
      - 16
      - 16
  - - - 16
      - 32
    - - 32
      - 32
      - 16
      - 16
  templates:
  - /public_bme2/Share200T/caoshui2024/Project2_Deeplearning/CorticalFlow++/corticalflow/resources/smooth_templates/lh_white_smooth_40k.obj
  - <CFPP_ROOT_DIR>/resources/smooth_templates/lh_white_smooth_140k.obj
  - <CFPP_ROOT_DIR>/resources/smooth_templates/lh_white_smooth_380k.obj
  integration_method: RK4
  integration_steps: 30
  share_flows: true
objective:
  chamffer_weight:
  - 1.0
  - 1.0
  - 1.0
  edge_loss_weight:
  - 1.0
  - 1.0
  - 1.0
optimizer:
  name: Adam
  lr:
  - 0.0001
  - 0.0001
  - 0.0001
outputs:
  output_dir: /public_bme2/Share200T/caoshui2024/Project2_Deeplearning/CorticalFlow++/experiment

[2026-01-13 14:52:38,301][__main__][INFO] - 2353 subjects loaded for training
[2026-01-13 14:52:38,306][__main__][INFO] - 375 subjects loaded for validation
[2026-01-13 14:52:38,687][__main__][INFO] - Model setup:
CorticalFlow(
  (deform_blocks): ModuleList(
    (0): DeformationBlock(
      (encoder): Unet(
        (downarm): ModuleList(
          (0): ConvBlock(
            (main): Conv3d(1, 16, kernel_size=(3, 3, 3), stride=(2, 2, 2), padding=(1, 1, 1))
            (activation): LeakyReLU(negative_slope=0.2)
          )
          (1): ConvBlock(
            (main): Conv3d(16, 32, kernel_size=(3, 3, 3), stride=(2, 2, 2), padding=(1, 1, 1))
            (activation): LeakyReLU(negative_slope=0.2)
          )
          (2-3): 2 x ConvBlock(
            (main): Conv3d(32, 32, kernel_size=(3, 3, 3), stride=(2, 2, 2), padding=(1, 1, 1))
            (activation): LeakyReLU(negative_slope=0.2)
          )
        )
        (uparm): ModuleList(
          (0): Sequential(
            (0): ConvBlock(
              (main): Conv3d(32, 32, kernel_size=(3, 3, 3), stride=(1, 1, 1), padding=(1, 1, 1))
              (activation): LeakyReLU(negative_slope=0.2)
            )
            (1): Upsample(scale_factor=2.0, mode='nearest')
          )
          (1-2): 2 x Sequential(
            (0): ConvBlock(
              (main): Conv3d(64, 32, kernel_size=(3, 3, 3), stride=(1, 1, 1), padding=(1, 1, 1))
              (activation): LeakyReLU(negative_slope=0.2)
            )
            (1): Upsample(scale_factor=2.0, mode='nearest')
          )
          (3): Sequential(
            (0): ConvBlock(
              (main): Conv3d(48, 32, kernel_size=(3, 3, 3), stride=(1, 1, 1), padding=(1, 1, 1))
              (activation): LeakyReLU(negative_slope=0.2)
            )
            (1): Upsample(scale_factor=2.0, mode='nearest')
          )
        )
        (extras): ModuleList(
          (0): ConvBlock(
            (main): Conv3d(33, 32, kernel_size=(3, 3, 3), stride=(1, 1, 1), padding=(1, 1, 1))
            (activation): LeakyReLU(negative_slope=0.2)
          )
          (1): ConvBlock(
            (main): Conv3d(32, 16, kernel_size=(3, 3, 3), stride=(1, 1, 1), padding=(1, 1, 1))
            (activation): LeakyReLU(negative_slope=0.2)
          )
          (2): ConvBlock(
            (main): Conv3d(16, 16, kernel_size=(3, 3, 3), stride=(1, 1, 1), padding=(1, 1, 1))
            (activation): LeakyReLU(negative_slope=0.2)
          )
        )
      )
      (flow): Conv3d(16, 3, kernel_size=(3, 3, 3), stride=(1, 1, 1), padding=(1, 1, 1))
      (deformer): DiffeoMeshDeformer(
        (integrate): IntegratePointWiseRK4(
          (interpolator): PointPooling()
        )
      )
    )
    (1): DeformationBlock(
      (encoder): Unet(
        (downarm): ModuleList(
          (0): ConvBlock(
            (main): Conv3d(4, 16, kernel_size=(3, 3, 3), stride=(2, 2, 2), padding=(1, 1, 1))
            (activation): LeakyReLU(negative_slope=0.2)
          )
          (1): ConvBlock(
            (main): Conv3d(16, 32, kernel_size=(3, 3, 3), stride=(2, 2, 2), padding=(1, 1, 1))
            (activation): LeakyReLU(negative_slope=0.2)
          )
        )
        (uparm): ModuleList(
          (0): Sequential(
            (0): ConvBlock(
              (main): Conv3d(32, 32, kernel_size=(3, 3, 3), stride=(1, 1, 1), padding=(1, 1, 1))
              (activation): LeakyReLU(negative_slope=0.2)
            )
            (1): Upsample(scale_factor=2.0, mode='nearest')
          )
          (1): Sequential(
            (0): ConvBlock(
              (main): Conv3d(48, 32, kernel_size=(3, 3, 3), stride=(1, 1, 1), padding=(1, 1, 1))
              (activation): LeakyReLU(negative_slope=0.2)
            )
            (1): Upsample(scale_factor=2.0, mode='nearest')
          )
        )
        (extras): ModuleList(
          (0): ConvBlock(
            (main): Conv3d(36, 16, kernel_size=(3, 3, 3), stride=(1, 1, 1), padding=(1, 1, 1))
            (activation): LeakyReLU(negative_slope=0.2)
          )
          (1): ConvBlock(
            (main): Conv3d(16, 16, kernel_size=(3, 3, 3), stride=(1, 1, 1), padding=(1, 1, 1))
            (activation): LeakyReLU(negative_slope=0.2)
          )
        )
      )
      (flow): Conv3d(16, 3, kernel_size=(3, 3, 3), stride=(1, 1, 1), padding=(1, 1, 1))
      (deformer): DiffeoMeshDeformer(
        (integrate): IntegratePointWiseRK4(
          (interpolator): PointPooling()
        )
      )
    )
    (2): DeformationBlock(
      (encoder): Unet(
        (downarm): ModuleList(
          (0): ConvBlock(
            (main): Conv3d(7, 16, kernel_size=(3, 3, 3), stride=(2, 2, 2), padding=(1, 1, 1))
            (activation): LeakyReLU(negative_slope=0.2)
          )
          (1): ConvBlock(
            (main): Conv3d(16, 32, kernel_size=(3, 3, 3), stride=(2, 2, 2), padding=(1, 1, 1))
            (activation): LeakyReLU(negative_slope=0.2)
          )
        )
        (uparm): ModuleList(
          (0): Sequential(
            (0): ConvBlock(
              (main): Conv3d(32, 32, kernel_size=(3, 3, 3), stride=(1, 1, 1), padding=(1, 1, 1))
              (activation): LeakyReLU(negative_slope=0.2)
            )
            (1): Upsample(scale_factor=2.0, mode='nearest')
          )
          (1): Sequential(
            (0): ConvBlock(
              (main): Conv3d(48, 32, kernel_size=(3, 3, 3), stride=(1, 1, 1), padding=(1, 1, 1))
              (activation): LeakyReLU(negative_slope=0.2)
            )
            (1): Upsample(scale_factor=2.0, mode='nearest')
          )
        )
        (extras): ModuleList(
          (0): ConvBlock(
            (main): Conv3d(39, 16, kernel_size=(3, 3, 3), stride=(1, 1, 1), padding=(1, 1, 1))
            (activation): LeakyReLU(negative_slope=0.2)
          )
          (1): ConvBlock(
            (main): Conv3d(16, 16, kernel_size=(3, 3, 3), stride=(1, 1, 1), padding=(1, 1, 1))
            (activation): LeakyReLU(negative_slope=0.2)
          )
        )
      )
      (flow): Conv3d(16, 3, kernel_size=(3, 3, 3), stride=(1, 1, 1), padding=(1, 1, 1))
      (deformer): DiffeoMeshDeformer(
        (integrate): IntegratePointWiseRK4(
          (interpolator): PointPooling()
        )
      )
    )
  )
)
[2026-01-13 14:52:38,692][__main__][INFO] - Tensorboard logs saved to /public_bme2/Share200T/caoshui2024/Project2_Deeplearning/CorticalFlow++/experiment/tb_logs
[2026-01-13 14:52:38,692][__main__][INFO] - Training deformation 0
[2026-01-13 14:52:39,020][__main__][INFO] - Train deform 0: Template mesh <trimesh.Trimesh(vertices.shape=(40002, 3), faces.shape=(80000, 3))> read from /public_bme2/Share200T/caoshui2024/Project2_Deeplearning/CorticalFlow++/corticalflow/resources/smooth_templates/lh_white_smooth_40k.obj
[2026-01-13 14:52:39,082][__main__][INFO] - Train deform 0: Shift=tensor([[[-27.3395, -21.8147,  15.6567]]], device='cuda:0') and Scale=97.24829617905819 for template mesh.
[2026-01-13 14:52:39,082][__main__][INFO] - Train deform 0: number of learnable parameters: 300115/519865
[2026-01-13 14:52:39,083][__main__][INFO] - Train deform 0: Optimizer setup:
Adam (
Parameter Group 0
    amsgrad: False
    betas: (0.9, 0.999)
    capturable: False
    differentiable: False
    eps: 1e-08
    foreach: None
    fused: None
    lr: 0.0001
    maximize: False
    weight_decay: 0
)
[2026-01-13 14:52:39,083][__main__][INFO] - Starting train deformation 0 from 1 iterations with best validation loss of 3.4028234663852886e+38
[2026-01-15 09:57:17,757][__main__][INFO] - Training Cortical Flow
Config:
user_config: /public_bme2/Share200T/caoshui2024/Project2_Deeplearning/CorticalFlow++/corticalflow/resources/config_samples/CFPP_train_lh_white.yaml
dataset:
  path: <path_to_preprop_dataset>
  split_file: /public_bme2/Share200T/caoshui2024/Project2_Deeplearning/CorticalFlow++/corticalflow/resources/ADNI_SPLIT.csv
  train_split_name: train
  val_split_name: val
  surface_name: lh_white
trainer:
  img_batch_size: 3
  points_per_image: 150000
  train_log_interval: 10
  checkpoint_interval: 10000
  evaluate_interval: 5000
  device: cuda:0
  resume: null
  debug: false
model:
  number_of_iterations:
  - 70000
  - 70000
  - 70000
  nb_features:
  - - - 16
      - 32
      - 32
      - 32
    - - 32
      - 32
      - 32
      - 32
      - 32
      - 16
      - 16
  - - - 16
      - 32
    - - 32
      - 32
      - 16
      - 16
  - - - 16
      - 32
    - - 32
      - 32
      - 16
      - 16
  templates:
  - /public_bme2/Share200T/caoshui2024/Project2_Deeplearning/CorticalFlow++/corticalflow/resources/smooth_templates/lh_white_smooth_40k.obj
  - <CFPP_ROOT_DIR>/resources/smooth_templates/lh_white_smooth_140k.obj
  - <CFPP_ROOT_DIR>/resources/smooth_templates/lh_white_smooth_380k.obj
  integration_method: RK4
  integration_steps: 30
  share_flows: true
objective:
  chamffer_weight:
  - 1.0
  - 1.0
  - 1.0
  edge_loss_weight:
  - 1.0
  - 1.0
  - 1.0
optimizer:
  name: Adam
  lr:
  - 0.0001
  - 0.0001
  - 0.0001
outputs:
  output_dir: /public_bme2/Share200T/caoshui2024/Project2_Deeplearning/CorticalFlow++/experiment

[2026-01-15 09:57:17,794][__main__][INFO] - 2353 subjects loaded for training
[2026-01-15 09:57:17,809][__main__][INFO] - 375 subjects loaded for validation
[2026-01-15 09:57:18,098][__main__][INFO] - Model setup:
CorticalFlow(
  (deform_blocks): ModuleList(
    (0): DeformationBlock(
      (encoder): Unet(
        (downarm): ModuleList(
          (0): ConvBlock(
            (main): Conv3d(1, 16, kernel_size=(3, 3, 3), stride=(2, 2, 2), padding=(1, 1, 1))
            (activation): LeakyReLU(negative_slope=0.2)
          )
          (1): ConvBlock(
            (main): Conv3d(16, 32, kernel_size=(3, 3, 3), stride=(2, 2, 2), padding=(1, 1, 1))
            (activation): LeakyReLU(negative_slope=0.2)
          )
          (2-3): 2 x ConvBlock(
            (main): Conv3d(32, 32, kernel_size=(3, 3, 3), stride=(2, 2, 2), padding=(1, 1, 1))
            (activation): LeakyReLU(negative_slope=0.2)
          )
        )
        (uparm): ModuleList(
          (0): Sequential(
            (0): ConvBlock(
              (main): Conv3d(32, 32, kernel_size=(3, 3, 3), stride=(1, 1, 1), padding=(1, 1, 1))
              (activation): LeakyReLU(negative_slope=0.2)
            )
            (1): Upsample(scale_factor=2.0, mode='nearest')
          )
          (1-2): 2 x Sequential(
            (0): ConvBlock(
              (main): Conv3d(64, 32, kernel_size=(3, 3, 3), stride=(1, 1, 1), padding=(1, 1, 1))
              (activation): LeakyReLU(negative_slope=0.2)
            )
            (1): Upsample(scale_factor=2.0, mode='nearest')
          )
          (3): Sequential(
            (0): ConvBlock(
              (main): Conv3d(48, 32, kernel_size=(3, 3, 3), stride=(1, 1, 1), padding=(1, 1, 1))
              (activation): LeakyReLU(negative_slope=0.2)
            )
            (1): Upsample(scale_factor=2.0, mode='nearest')
          )
        )
        (extras): ModuleList(
          (0): ConvBlock(
            (main): Conv3d(33, 32, kernel_size=(3, 3, 3), stride=(1, 1, 1), padding=(1, 1, 1))
            (activation): LeakyReLU(negative_slope=0.2)
          )
          (1): ConvBlock(
            (main): Conv3d(32, 16, kernel_size=(3, 3, 3), stride=(1, 1, 1), padding=(1, 1, 1))
            (activation): LeakyReLU(negative_slope=0.2)
          )
          (2): ConvBlock(
            (main): Conv3d(16, 16, kernel_size=(3, 3, 3), stride=(1, 1, 1), padding=(1, 1, 1))
            (activation): LeakyReLU(negative_slope=0.2)
          )
        )
      )
      (flow): Conv3d(16, 3, kernel_size=(3, 3, 3), stride=(1, 1, 1), padding=(1, 1, 1))
      (deformer): DiffeoMeshDeformer(
        (integrate): IntegratePointWiseRK4(
          (interpolator): PointPooling()
        )
      )
    )
    (1): DeformationBlock(
      (encoder): Unet(
        (downarm): ModuleList(
          (0): ConvBlock(
            (main): Conv3d(4, 16, kernel_size=(3, 3, 3), stride=(2, 2, 2), padding=(1, 1, 1))
            (activation): LeakyReLU(negative_slope=0.2)
          )
          (1): ConvBlock(
            (main): Conv3d(16, 32, kernel_size=(3, 3, 3), stride=(2, 2, 2), padding=(1, 1, 1))
            (activation): LeakyReLU(negative_slope=0.2)
          )
        )
        (uparm): ModuleList(
          (0): Sequential(
            (0): ConvBlock(
              (main): Conv3d(32, 32, kernel_size=(3, 3, 3), stride=(1, 1, 1), padding=(1, 1, 1))
              (activation): LeakyReLU(negative_slope=0.2)
            )
            (1): Upsample(scale_factor=2.0, mode='nearest')
          )
          (1): Sequential(
            (0): ConvBlock(
              (main): Conv3d(48, 32, kernel_size=(3, 3, 3), stride=(1, 1, 1), padding=(1, 1, 1))
              (activation): LeakyReLU(negative_slope=0.2)
            )
            (1): Upsample(scale_factor=2.0, mode='nearest')
          )
        )
        (extras): ModuleList(
          (0): ConvBlock(
            (main): Conv3d(36, 16, kernel_size=(3, 3, 3), stride=(1, 1, 1), padding=(1, 1, 1))
            (activation): LeakyReLU(negative_slope=0.2)
          )
          (1): ConvBlock(
            (main): Conv3d(16, 16, kernel_size=(3, 3, 3), stride=(1, 1, 1), padding=(1, 1, 1))
            (activation): LeakyReLU(negative_slope=0.2)
          )
        )
      )
      (flow): Conv3d(16, 3, kernel_size=(3, 3, 3), stride=(1, 1, 1), padding=(1, 1, 1))
      (deformer): DiffeoMeshDeformer(
        (integrate): IntegratePointWiseRK4(
          (interpolator): PointPooling()
        )
      )
    )
    (2): DeformationBlock(
      (encoder): Unet(
        (downarm): ModuleList(
          (0): ConvBlock(
            (main): Conv3d(7, 16, kernel_size=(3, 3, 3), stride=(2, 2, 2), padding=(1, 1, 1))
            (activation): LeakyReLU(negative_slope=0.2)
          )
          (1): ConvBlock(
            (main): Conv3d(16, 32, kernel_size=(3, 3, 3), stride=(2, 2, 2), padding=(1, 1, 1))
            (activation): LeakyReLU(negative_slope=0.2)
          )
        )
        (uparm): ModuleList(
          (0): Sequential(
            (0): ConvBlock(
              (main): Conv3d(32, 32, kernel_size=(3, 3, 3), stride=(1, 1, 1), padding=(1, 1, 1))
              (activation): LeakyReLU(negative_slope=0.2)
            )
            (1): Upsample(scale_factor=2.0, mode='nearest')
          )
          (1): Sequential(
            (0): ConvBlock(
              (main): Conv3d(48, 32, kernel_size=(3, 3, 3), stride=(1, 1, 1), padding=(1, 1, 1))
              (activation): LeakyReLU(negative_slope=0.2)
            )
            (1): Upsample(scale_factor=2.0, mode='nearest')
          )
        )
        (extras): ModuleList(
          (0): ConvBlock(
            (main): Conv3d(39, 16, kernel_size=(3, 3, 3), stride=(1, 1, 1), padding=(1, 1, 1))
            (activation): LeakyReLU(negative_slope=0.2)
          )
          (1): ConvBlock(
            (main): Conv3d(16, 16, kernel_size=(3, 3, 3), stride=(1, 1, 1), padding=(1, 1, 1))
            (activation): LeakyReLU(negative_slope=0.2)
          )
        )
      )
      (flow): Conv3d(16, 3, kernel_size=(3, 3, 3), stride=(1, 1, 1), padding=(1, 1, 1))
      (deformer): DiffeoMeshDeformer(
        (integrate): IntegratePointWiseRK4(
          (interpolator): PointPooling()
        )
      )
    )
  )
)
[2026-01-15 09:57:18,167][__main__][INFO] - Tensorboard logs saved to /public_bme2/Share200T/caoshui2024/Project2_Deeplearning/CorticalFlow++/experiment/tb_logs
[2026-01-15 09:57:18,167][__main__][INFO] - Training deformation 0
[2026-01-15 09:57:18,578][__main__][INFO] - Train deform 0: Template mesh <trimesh.Trimesh(vertices.shape=(40002, 3), faces.shape=(80000, 3))> read from /public_bme2/Share200T/caoshui2024/Project2_Deeplearning/CorticalFlow++/corticalflow/resources/smooth_templates/lh_white_smooth_40k.obj
[2026-01-15 09:57:18,677][__main__][INFO] - Train deform 0: Shift=tensor([[[-27.3395, -21.8147,  15.6567]]], device='cuda:0') and Scale=97.24829617905809 for template mesh.
[2026-01-15 09:57:18,678][__main__][INFO] - Train deform 0: number of learnable parameters: 300115/519865
[2026-01-15 09:57:18,679][__main__][INFO] - Train deform 0: Optimizer setup:
Adam (
Parameter Group 0
    amsgrad: False
    betas: (0.9, 0.999)
    capturable: False
    differentiable: False
    eps: 1e-08
    foreach: None
    fused: None
    lr: 0.0001
    maximize: False
    weight_decay: 0
)
[2026-01-15 09:57:18,679][__main__][INFO] - Starting train deformation 0 from 1 iterations with best validation loss of 3.4028234663852886e+38
